<?xml version="1.0" encoding="UTF-8"?>
<metabase_test xsi:schemaLocation="http://oval.mitre.org/XMLSchema/oval-definitions-5#windows windows-definitions-schema.xsd http://oval.mitre.org/XMLSchema/oval-definitions-5 oval-definitions-schema.xsd http://oval.mitre.org/XMLSchema/oval-common-5 oval-common-schema.xsd" 
 xmlns="http://oval.mitre.org/XMLSchema/oval-definitions-5#windows"  
xmlns:xsi="http://www.w3.org/2001/XMLSchema-instance" xmlns:oval="http://oval.mitre.org/XMLSchema/oval-common-5" xmlns:oval-def="http://oval.mitre.org/XMLSchema/oval-definitions-5"
      check="at least one" check_existence="at_least_one_exists" comment="Negotiate is enabled" id="oval:org.mitre.oval:tst:709" version="2">
        <object object_ref="oval:org.mitre.oval:obj:556"/>
</metabase_test>
