<?xml version="1.0" encoding="UTF-8" standalone="no" ?>
<unknown_test xmlns="http://oval.mitre.org/XMLSchema/oval-definitions-5#independent" 
  xmlns:oval="http://oval.mitre.org/XMLSchema/oval-common-5" xmlns:oval-def="http://oval.mitre.org/XMLSchema/oval-definitions-5" xmlns:oval-res="http://oval.mitre.org/XMLSchema/oval-results-5" xmlns:oval-sc="http://oval.mitre.org/XMLSchema/oval-system-characteristics-5" xmlns:xsi="http://www.w3.org/2001/XMLSchema-instance" xsi:schemaLocation="http://oval.mitre.org/XMLSchema/oval-common-5 oval-common-schema.xsd http://oval.mitre.org/XMLSchema/oval-system-characteristics-5 oval-system-characteristics-schema.xsd http://oval.mitre.org/XMLSchema/oval-definitions-5 oval-definitions-schema.xsd http://oval.mitre.org/XMLSchema/oval-results-5 oval-results-schema.xsd http://oval.mitre.org/XMLSchema/oval-definitions-5#windows windows-definitions-schema.xsd http://oval.mitre.org/XMLSchema/oval-definitions-5#independent independent-definitions-schema.xsd http://oval.mitre.org/XMLSchema/oval-system-characteristics-5#windows windows-system-characteristics-schema.xsd http://oval.mitre.org/XMLSchema/oval-system-characteristics-5#independent independent-system-characteristics-schema.xsd"
  check="all" check_existence="at_least_one_exists" comment="Word 97 is installed" id="oval:org.mitre.oval:tst:2531" version="1">
        <oval-def:notes xmlns:oval-def="http://oval.mitre.org/XMLSchema/oval-definitions-5" xmlns:oval1="http://oval.mitre.org/XMLSchema/oval-definitions-5">
          <note xmlns="http://oval.mitre.org/XMLSchema/oval-definitions-5">Word 97 is installed.</note>
      </oval-def:notes>
</unknown_test>
