<?xml version="1.0" encoding="UTF-8"?>

<rpminfo_test 
  xmlns="http://oval.mitre.org/XMLSchema/oval-definitions-5#linux"
  xmlns:oval="http://oval.mitre.org/XMLSchema/oval-common-5" xmlns:oval-def="http://oval.mitre.org/XMLSchema/oval-definitions-5" xmlns:unix-def="http://oval.mitre.org/XMLSchema/oval-definitions-5#unix" xmlns:red-def="http://oval.mitre.org/XMLSchema/oval-definitions-5#linux" xmlns:xsi="http://www.w3.org/2001/XMLSchema-instance" xsi:schemaLocation="http://oval.mitre.org/XMLSchema/oval-common-5 oval-common-schema.xsd http://oval.mitre.org/XMLSchema/oval-definitions-5 oval-definitions-schema.xsd http://oval.mitre.org/XMLSchema/oval-definitions-5#unix unix-definitions-schema.xsd http://oval.mitre.org/XMLSchema/oval-definitions-5#linux linux-definitions-schema.xsd"
  id="oval:com.redhat.rhsa:tst:20100061002"  version="301" comment="gzip is earlier than 0:1.3.5-11.el5_4.1" check="at least one" >
  <object object_ref="oval:com.redhat.rhsa:obj:20100061002" />
  <state state_ref="oval:com.redhat.rhsa:ste:20100061004" />
</rpminfo_test>
