<?xml version="1.0" encoding="UTF-8"?>
<uname_test 
  xsi:schemaLocation="http://oval.mitre.org/XMLSchema/oval-definitions-5#linux linux-definitions-schema.xsd http://oval.mitre.org/XMLSchema/oval-definitions-5#unix unix-definitions-schema.xsd http://oval.mitre.org/XMLSchema/oval-definitions-5#independent independent-definitions-schema.xsd http://oval.mitre.org/XMLSchema/oval-definitions-5 oval-definitions-schema.xsd http://oval.mitre.org/XMLSchema/oval-common-5 oval-common-schema.xsd" 
  xmlns="http://oval.mitre.org/XMLSchema/oval-definitions-5#unix"
  xmlns:xsi="http://www.w3.org/2001/XMLSchema-instance" xmlns:oval="http://oval.mitre.org/XMLSchema/oval-common-5" xmlns:oval-def="http://oval.mitre.org/XMLSchema/oval-definitions-5"
 comment="Installed architecture is mips" check="all" version="1" id="oval:org.mitre.oval:tst:11195" check_existence="at_least_one_exists" >
      <object object_ref="oval:org.mitre.oval:obj:2759"/>
      <state state_ref="oval:org.mitre.oval:ste:5601"/>
</uname_test>
