<?xml version="1.0" encoding="UTF-8"?>
<dpkginfo_test 
  xsi:schemaLocation="http://oval.mitre.org/XMLSchema/oval-definitions-5#linux linux-definitions-schema.xsd http://oval.mitre.org/XMLSchema/oval-definitions-5#unix unix-definitions-schema.xsd http://oval.mitre.org/XMLSchema/oval-definitions-5#independent independent-definitions-schema.xsd http://oval.mitre.org/XMLSchema/oval-definitions-5 oval-definitions-schema.xsd http://oval.mitre.org/XMLSchema/oval-common-5 oval-common-schema.xsd" 
  xmlns="http://oval.mitre.org/XMLSchema/oval-definitions-5#linux"
  xmlns:xsi="http://www.w3.org/2001/XMLSchema-instance" 
  xmlns:oval="http://oval.mitre.org/XMLSchema/oval-common-5" xmlns:oval-def="http://oval.mitre.org/XMLSchema/oval-definitions-5"
  comment="apache2-src is earlier than 2.2.9-10+lenny6" check="all" version="1" id="oval:org.mitre.oval:tst:19402" check_existence="at_least_one_exists" >
      <object object_ref="oval:org.mitre.oval:obj:10286"/>
      <state state_ref="oval:org.mitre.oval:ste:6372"/>
</dpkginfo_test>
