<?xml version="1.0" encoding="UTF-8"?>
<textfilecontent54_test id="oval:org.mitre.oval:tst:41853" version="1" comment="Check if Google Chrome Invisible Hand Extension is enabled" check_existence="at_least_one_exists" check="all" xmlns="http://oval.mitre.org/XMLSchema/oval-definitions-5#independent"
 xsi:schemaLocation="http://oval.mitre.org/XMLSchema/oval-definitions-5 oval-definitions-schema.xsd http://oval.mitre.org/XMLSchema/oval-definitions-5#windows windows-definitions-schema.xsd http://oval.mitre.org/XMLSchema/oval-definitions-5#independent independent-definitions-schema.xsd http://oval.mitre.org/XMLSchema/oval-common-5 oval-common-schema.xsd" xmlns:xsi="http://www.w3.org/2001/XMLSchema-instance" xmlns:oval="http://oval.mitre.org/XMLSchema/oval-common-5" xmlns:oval-def="http://oval.mitre.org/XMLSchema/oval-definitions-5">
      <object object_ref="oval:org.mitre.oval:obj:15567"/>
      <state state_ref="oval:org.mitre.oval:ste:11440"/>
</textfilecontent54_test>
