<?xml version="1.0" encoding="UTF-8"?>
<file_test xsi:schemaLocation="http://oval.mitre.org/XMLSchema/oval-definitions-5#windows windows-definitions-schema.xsd http://oval.mitre.org/XMLSchema/oval-definitions-5 oval-definitions-schema.xsd http://oval.mitre.org/XMLSchema/oval-common-5 oval-common-schema.xsd" 
 xmlns="http://oval.mitre.org/XMLSchema/oval-definitions-5#windows"  
xmlns:xsi="http://www.w3.org/2001/XMLSchema-instance" xmlns:oval="http://oval.mitre.org/XMLSchema/oval-common-5" xmlns:oval-def="http://oval.mitre.org/XMLSchema/oval-definitions-5"
  id="oval:org.mitre.oval:tst:2339" version="1" comment="the version of mshtml.dll is less than 6.0.2900.2873" check_existence="at_least_one_exists" check="at least one">
      <object object_ref="oval:org.mitre.oval:obj:222"/>
      <state state_ref="oval:org.mitre.oval:ste:2190"/>
</file_test>
