<?xml version="1.0" encoding="UTF-8"?>
<registry_test xsi:schemaLocation="http://oval.mitre.org/XMLSchema/oval-definitions-5#windows windows-definitions-schema.xsd http://oval.mitre.org/XMLSchema/oval-definitions-5 oval-definitions-schema.xsd http://oval.mitre.org/XMLSchema/oval-common-5 oval-common-schema.xsd" 
  xmlns="http://oval.mitre.org/XMLSchema/oval-definitions-5#windows"
  xmlns:xsi="http://www.w3.org/2001/XMLSchema-instance" 
  xmlns:oval="http://oval.mitre.org/XMLSchema/oval-common-5" 
  xmlns:oval-def="http://oval.mitre.org/XMLSchema/oval-definitions-5"
  id="oval:org.mitre.oval:tst:3019" version="2" comment="Win2K/XP/2003/Vista/2008 service pack 2 is installed" check_existence="at_least_one_exists" check="at least one">
      <object object_ref="oval:org.mitre.oval:obj:717"/>
      <state state_ref="oval:org.mitre.oval:ste:2827"/>
</registry_test>
